feedback.html     http://outreach.vlabs.ac.in/
index.html     http://outreach.vlabs.ac.in/
objective.html     http://outreach.vlabs.ac.in/
performance-report.html     http://vlab.co.in
posttest.html     http://outreach.vlabs.ac.in/
pretest.html     http://outreach.vlabs.ac.in/
procedure.html     http://outreach.vlabs.ac.in/
references.html     http://homepages.inf.ed.ac.uk/rbf/HIPR2/arthops.htm
references.html     http://outreach.vlabs.ac.in/
theory.html     http://outreach.vlabs.ac.in/
validator-report.html     http://vlab.co.in
assignment/content.html     http://virtual-labs.ac.in/feedback/?lab=cse19
assignment/content.html     http://www.sakshat.ac.in/
assignment/content.html     http://outreach.vlabs.ac.in/
assignment/content.html     http://vlab.co.in/faq
assignment/content.html     http://virtual-labs.ac.in/nmeict/
assignment/content.html     http://virtual-labs.ac.in/licensing/
simulation/content.html     http://virtual-labs.ac.in/feedback/?lab=cse19
simulation/content.html     http://www.sakshat.ac.in/
simulation/content.html     http://outreach.vlabs.ac.in/
simulation/content.html     http://vlab.co.in/faq
simulation/content.html     http://virtual-labs.ac.in/nmeict/
simulation/content.html     http://virtual-labs.ac.in/licensing/
simulation/default.html     http://www.sakshat.ac.in/
simulation/default.html     http://outreach.vlabs.ac.in/
simulation/default.html     http://vlab.co.in/faq
simulation/faq.html     http://vlabs.ac.in/index.html
simulation/faq.html     http://vlabs.ac.in/index.html
simulation/faq.html     http://vlabs.ac.in/index.html#partner
simulation/faq.html     http://vlabs.ac.in/index.html#contact
simulation/faq.html     http://vlabs.ac.in/
simulation/faq.html     http://vlabs.ac.in/pre-requisites.html
simulation/faq.html     http://vlabs-dev.vlabs.ac.in/community/contributing.html
simulation/faq.html     http://www.sakshat.ac.in/
simulation/faq.html     http://outreach.vlabs.ac.in/
simulation/faq.html     http://vlab.co.in/faq
simulation/template.html     http://vlabs.ac.in/index.html
simulation/template.html     http://vlabs.ac.in/index.html#partner
simulation/template.html     http://vlabs.ac.in/index.html
simulation/template.html     http://vlabs.ac.in/index.html#contact
simulation/template.html     http://www.sakshat.ac.in/
simulation/template.html     http://outreach.vlabs.ac.in/
simulation/template.html     http://vlab.co.in/faq
assignment/arith/Assignment.html     http://vlabs.ac.in/index.html
assignment/arith/Assignment.html     http://vlab.co.in/participating-institutes
assignment/arith/Assignment.html     http://vlab.co.in/
assignment/arith/Assignment.html     http://vlab.co.in/contact-us
assignment/arith/Assignment.html     http://vlab.co.in/broad-area-computer-science-and-engineering
assignment/arith/Assignment.html     http://www.sakshat.ac.in/
assignment/arith/Assignment.html     http://outreach.vlabs.ac.in/
assignment/arith/Assignment.html     http://vlab.co.in/faq
simulation/arith/Assignment.html     http://vlabs.ac.in/index.html
simulation/arith/Assignment.html     http://vlab.co.in/
simulation/arith/Assignment.html     http://vlab.co.in/participating-institutes
simulation/arith/Assignment.html     http://vlab.co.in/contact-us
simulation/arith/Assignment.html     http://vlab.co.in/broad-area-computer-science-and-engineering
simulation/arith/Assignment.html     http://www.sakshat.ac.in/
simulation/arith/Assignment.html     http://outreach.vlabs.ac.in/
simulation/arith/Assignment.html     http://vlab.co.in/faq
simulation/arith/Experiment.html     http://vlabs.ac.in/index.html
simulation/arith/Experiment.html     http://vlab.co.in/
simulation/arith/Experiment.html     http://vlab.co.in/participating-institutes
simulation/arith/Experiment.html     http://vlab.co.in/contact-us
simulation/arith/Experiment.html     http://vlab.co.in/broad-area-computer-science-and-engineering
simulation/arith/Experiment.html     http://www.sakshat.ac.in/
simulation/arith/Experiment.html     http://outreach.vlabs.ac.in/
simulation/arith/Experiment.html     http://vlab.co.in/faq
simulation/arith/Feedback.html     http://vlab.co.in
simulation/arith/Feedback.html     http://vlab.co.in/
simulation/arith/Feedback.html     http://vlab.co.in/participating-institutes
simulation/arith/Feedback.html     http://vlab.co.in/contact-us
simulation/arith/Feedback.html     http://vlab.co.in/broad-area-computer-science-and-engineering
simulation/arith/Feedback.html     http://209.211.220.205/feedback/feedback.html
simulation/arith/Feedback.html     http://www.sakshat.ac.in/
simulation/arith/Feedback.html     http://outreach.vlabs.ac.in/
simulation/arith/Feedback.html     http://vlab.co.in/faq
simulation/arith/Introduction.html     http://vlabs.ac.in/index.html
simulation/arith/Introduction.html     http://vlab.co.in/
simulation/arith/Introduction.html     http://vlab.co.in/participating-institutes
simulation/arith/Introduction.html     http://vlab.co.in/contact-us
simulation/arith/Introduction.html     http://vlab.co.in/broad-area-computer-science-and-engineering
simulation/arith/Introduction.html     http://www.sakshat.ac.in/
simulation/arith/Introduction.html     http://outreach.vlabs.ac.in/
simulation/arith/Introduction.html     http://vlab.co.in/faq
simulation/arith/Objective.html     http://vlabs.ac.in/index.html
simulation/arith/Objective.html     http://vlab.co.in/
simulation/arith/Objective.html     http://vlab.co.in/participating-institutes
simulation/arith/Objective.html     http://vlab.co.in/contact-us
simulation/arith/Objective.html     http://vlab.co.in/broad-area-computer-science-and-engineering
simulation/arith/Objective.html     http://www.sakshat.ac.in/
simulation/arith/Objective.html     http://outreach.vlabs.ac.in/
simulation/arith/Objective.html     http://vlab.co.in/faq
simulation/arith/Procedure.html     http://vlabs.ac.in/index.html
simulation/arith/Procedure.html     http://vlab.co.in/
simulation/arith/Procedure.html     http://vlab.co.in/participating-institutes
simulation/arith/Procedure.html     http://vlab.co.in/contact-us
simulation/arith/Procedure.html     http://vlab.co.in/broad-area-computer-science-and-engineering
simulation/arith/Procedure.html     http://www.sakshat.ac.in/
simulation/arith/Procedure.html     http://outreach.vlabs.ac.in/
simulation/arith/Procedure.html     http://vlab.co.in/faq
simulation/arith/Quizzes.html     http://vlabs.ac.in/index.html
simulation/arith/Quizzes.html     http://vlab.co.in/
simulation/arith/Quizzes.html     http://vlab.co.in/participating-institutes
simulation/arith/Quizzes.html     http://vlab.co.in/contact-us
simulation/arith/Quizzes.html     http://vlab.co.in/broad-area-computer-science-and-engineering
simulation/arith/Quizzes.html     http://www.sakshat.ac.in/
simulation/arith/Quizzes.html     http://outreach.vlabs.ac.in/
simulation/arith/Quizzes.html     http://vlab.co.in/faq
simulation/arith/References.html     http://vlabs.ac.in/index.html
simulation/arith/References.html     http://vlab.co.in/
simulation/arith/References.html     http://vlab.co.in/participating-institutes
simulation/arith/References.html     http://vlab.co.in/contact-us
simulation/arith/References.html     http://vlab.co.in/broad-area-computer-science-and-engineering
simulation/arith/References.html     http://homepages.inf.ed.ac.uk/rbf/HIPR2/arthops.htm
simulation/arith/References.html     http://www.student.kuleuven.be/%7Em0216922/CG/imagearithmetic.html
simulation/arith/References.html     http://www.sakshat.ac.in/
simulation/arith/References.html     http://outreach.vlabs.ac.in/
simulation/arith/References.html     http://vlab.co.in/faq
simulation/arith/Theory.html     http://vlabs.ac.in/index.html
simulation/arith/Theory.html     http://vlab.co.in/participating-institutes
simulation/arith/Theory.html     http://vlab.co.in/
simulation/arith/Theory.html     http://vlab.co.in/contact-us
simulation/arith/Theory.html     http://vlab.co.in/broad-area-computer-science-and-engineering
simulation/arith/Theory.html     http://www.sakshat.ac.in/
simulation/arith/Theory.html     http://outreach.vlabs.ac.in/
simulation/arith/Theory.html     http://vlab.co.in/faq
simulation/arith/references.html     http://homepages.inf.ed.ac.uk/rbf/HIPR2/arthops.htm
simulation/arith/references.html     http://www.student.kuleuven.be/%7Em0216922/CG/imagearithmetic.html
